TN:
SF:C:\dev\Red-Folder.com\src\Red-Folder.com\wwwroot\scripts\repoExplorer\app.js
FN:1,(anonymous_1)
FNF:1
FNH:1
FNDA:1,(anonymous_1)
DA:1,1
DA:4,1
LF:2
LH:2
BRF:0
BRH:0
end_of_record
TN:
SF:C:\dev\Red-Folder.com\src\Red-Folder.com\wwwroot\scripts\testApp\app.js
FN:4,(anonymous_1)
FN:9,(anonymous_2)
FNF:2
FNH:0
FNDA:0,(anonymous_1)
FNDA:0,(anonymous_2)
DA:1,1
DA:3,1
DA:5,0
DA:6,0
DA:7,0
DA:9,0
DA:10,0
LF:7
LH:2
BRF:0
BRH:0
end_of_record
TN:
SF:C:\dev\Red-Folder.com\src\Red-Folder.com\wwwroot\scripts\repoExplorer\dashboard.controller.js
FN:1,(anonymous_1)
FN:10,DashboardController
FN:19,getData
FN:22,(anonymous_4)
FN:28,(anonymous_5)
FN:35,populateData
FN:38,(anonymous_7)
FN:39,(anonymous_8)
FN:40,(anonymous_9)
FN:48,activate
FNF:10
FNH:9
FNDA:1,(anonymous_1)
FNDA:11,DashboardController
FNDA:11,getData
FNDA:7,(anonymous_4)
FNDA:0,(anonymous_5)
FNDA:7,populateData
FNDA:28,(anonymous_7)
FNDA:35,(anonymous_8)
FNDA:35,(anonymous_9)
FNDA:11,activate
DA:1,1
DA:4,1
DA:8,1
DA:10,1
DA:11,11
DA:12,11
DA:13,11
DA:14,11
DA:16,11
DA:17,11
DA:19,1
DA:20,11
DA:23,7
DA:24,7
DA:29,0
DA:30,0
DA:35,1
DA:36,7
DA:37,7
DA:38,7
DA:39,28
DA:40,35
DA:41,21
DA:45,7
DA:48,1
DA:49,11
DA:52,11
LF:27
LH:25
BRDA:40,1,0,21
BRDA:40,1,1,14
BRF:2
BRH:2
end_of_record
TN:
SF:C:\dev\Red-Folder.com\src\Red-Folder.com\wwwroot\scripts\repoExplorer\repo-group.directive.js
FN:1,(anonymous_1)
FN:8,RFCRepoGroupDirective
FNF:2
FNH:1
FNDA:1,(anonymous_1)
FNDA:0,RFCRepoGroupDirective
DA:1,1
DA:4,1
DA:8,1
DA:13,0
DA:21,0
LF:5
LH:3
BRF:0
BRH:0
end_of_record
TN:
SF:C:\dev\Red-Folder.com\src\Red-Folder.com\wwwroot\scripts\repoExplorer\repo.directive.js
FN:1,(anonymous_1)
FN:8,RFCRepoDirective
FNF:2
FNH:1
FNDA:1,(anonymous_1)
FNDA:0,RFCRepoDirective
DA:1,1
DA:4,1
DA:8,1
DA:13,0
DA:24,0
LF:5
LH:3
BRF:0
BRH:0
end_of_record
TN:
SF:C:\dev\Red-Folder.com\src\Red-Folder.com\wwwroot\scripts\repoExplorer\toggle-group.directive.js
FN:1,(anonymous_1)
FN:8,RFCToggleDirective
FN:20,(anonymous_3)
FN:21,(anonymous_4)
FNF:4
FNH:1
FNDA:1,(anonymous_1)
FNDA:0,RFCToggleDirective
FNDA:0,(anonymous_3)
FNDA:0,(anonymous_4)
DA:1,1
DA:4,1
DA:8,1
DA:13,0
DA:21,0
DA:22,0
DA:23,0
DA:24,0
DA:26,0
DA:30,0
DA:33,0
LF:11
LH:3
BRDA:23,1,0,0
BRDA:23,1,1,0
BRF:2
BRH:0
end_of_record
TN:
SF:C:\dev\Red-Folder.com\src\Red-Folder.com\wwwroot\scripts\repoExplorer\toggle.directive.js
FN:1,(anonymous_1)
FN:8,RFCToggleDirective
FNF:2
FNH:1
FNDA:1,(anonymous_1)
FNDA:0,RFCToggleDirective
DA:1,1
DA:4,1
DA:8,1
DA:13,0
DA:22,0
LF:5
LH:3
BRF:0
BRH:0
end_of_record
TN:
SF:C:\dev\Red-Folder.com\src\Red-Folder.com\wwwroot\scripts\repoExplorer\repo.service.js
FN:1,(anonymous_1)
FN:10,repoService
FN:17,getAll
FN:22,success
FN:26,fail
FNF:5
FNH:5
FNDA:1,(anonymous_1)
FNDA:14,repoService
FNDA:2,getAll
FNDA:1,success
FNDA:1,fail
DA:1,1
DA:4,1
DA:8,1
DA:10,1
DA:11,14
DA:15,14
DA:17,1
DA:18,2
DA:22,1
DA:23,1
DA:26,1
DA:27,1
DA:28,1
LF:13
LH:13
BRF:0
BRH:0
end_of_record
